$ ./benchmark
Running benchmark for mips circuit with proof system groth16
Profiling: true, DummySetup: false, SaveArtifacts: true
12:24:44 INF gnark profiling enabled path=gnark.pprof
12:24:44 INF compiling circuit
12:24:44 INF parsed circuit inputs nbPublic=64 nbSecret=0
12:25:09 INF building constraint builder nbConstraints=5340697
12:25:10 INF gnark profiling disabled path=gnark.pprof
r1cs.GetNbCoefficients():  150820
r1cs.GetNbConstraints():  5340697
r1cs.GetNbSecretVariables():  0
r1cs.GetNbPublicVariables():  65
r1cs.GetNbInternalVariables():  7260208
Running circuit setup 2024-03-18 12:25:17.125243382 +0000 UTC m=+33.003844808
Using real setup
Generating witness 2024-03-18 13:20:06.948024127 +0000 UTC m=+3322.816966263
Creating proof 2024-03-18 13:20:06.954712086 +0000 UTC m=+3322.823653638
13:20:11 DBG constraint system solver done nbConstraints=5340697 took=4866.236044
13:20:31 DBG prover done acceleration=none backend=groth16 curve=bn254 nbConstraints=5340697 took=19285.283051
Verifying proof 2024-03-18 13:20:31.108768597 +0000 UTC m=+3346.977710108
13:20:31 DBG verifier done backend=groth16 curve=bn254 took=1.901625
a[0] is  969845502938072140820949238713051996815474094069446466327843423980777286146
a[1] is  15314317043642723590091441171156477816756453847698204856308655587054375279936
b[0][0] is  13102891598359758032218880278748091935577375754153650239839026191040374531744
b[0][1] is  11003374701858924719591583830843353926150675697494456865068635757256811335069
b[1][0] is  3562552340281651785391180791102133174680975623290732149009060029526124372308
b[1][1] is  9877933255718934317677387182936828850839953478308059205374513093328824145529
c[0] is  19363189126377242562133182646549668372516985353129010164994545764112023599541
c[1] is  10741409533102523110370532139863757755005889645933116787228582993292191134254